2022/08/17 11:23:09 [notice] 1#1: using the "epoll" event method
2022/08/17 11:23:09 [notice] 1#1: nginx/1.21.5
2022/08/17 11:23:09 [notice] 1#1: built by gcc 10.2.1 20210110 (Debian 10.2.1-6) 
2022/08/17 11:23:09 [notice] 1#1: OS: Linux 5.15.0-46-generic
2022/08/17 11:23:09 [notice] 1#1: getrlimit(RLIMIT_NOFILE): 1048576:1048576
2022/08/17 11:23:09 [notice] 1#1: start worker processes
2022/08/17 11:23:09 [notice] 1#1: start worker process 30
2022/08/17 11:23:09 [notice] 1#1: start worker process 31
2022/08/17 11:23:09 [notice] 1#1: start worker process 32
2022/08/17 11:23:09 [notice] 1#1: start worker process 33
2022/08/17 11:23:09 [notice] 1#1: start worker process 34
2022/08/17 11:23:09 [notice] 1#1: start worker process 35
2022/08/17 11:23:09 [notice] 1#1: start worker process 36
2022/08/17 11:23:09 [notice] 1#1: start worker process 37
2022/08/17 11:26:26 [notice] 1#1: signal 3 (SIGQUIT) received, shutting down
2022/08/17 11:26:26 [notice] 33#33: gracefully shutting down
2022/08/17 11:26:26 [notice] 30#30: gracefully shutting down
2022/08/17 11:26:26 [notice] 32#32: gracefully shutting down
2022/08/17 11:26:26 [notice] 37#37: gracefully shutting down
2022/08/17 11:26:26 [notice] 30#30: exiting
2022/08/17 11:26:26 [notice] 33#33: exiting
2022/08/17 11:26:26 [notice] 32#32: exiting
2022/08/17 11:26:26 [notice] 37#37: exiting
2022/08/17 11:26:26 [notice] 32#32: exit
2022/08/17 11:26:26 [notice] 33#33: exit
2022/08/17 11:26:26 [notice] 30#30: exit
2022/08/17 11:26:26 [notice] 37#37: exit
2022/08/17 11:26:26 [notice] 31#31: gracefully shutting down
2022/08/17 11:26:26 [notice] 31#31: exiting
2022/08/17 11:26:26 [notice] 35#35: gracefully shutting down
2022/08/17 11:26:26 [notice] 34#34: gracefully shutting down
2022/08/17 11:26:26 [notice] 31#31: exit
2022/08/17 11:26:26 [notice] 35#35: exiting
2022/08/17 11:26:26 [notice] 34#34: exiting
2022/08/17 11:26:26 [notice] 35#35: exit
2022/08/17 11:26:26 [notice] 34#34: exit
2022/08/17 11:26:26 [notice] 36#36: gracefully shutting down
2022/08/17 11:26:26 [notice] 36#36: exiting
2022/08/17 11:26:26 [notice] 36#36: exit
2022/08/17 11:26:26 [notice] 1#1: signal 17 (SIGCHLD) received from 31
2022/08/17 11:26:26 [notice] 1#1: worker process 31 exited with code 0
2022/08/17 11:26:26 [notice] 1#1: worker process 33 exited with code 0
2022/08/17 11:26:26 [notice] 1#1: worker process 35 exited with code 0
2022/08/17 11:26:26 [notice] 1#1: signal 29 (SIGIO) received
2022/08/17 11:26:26 [notice] 1#1: signal 17 (SIGCHLD) received from 37
2022/08/17 11:26:26 [notice] 1#1: worker process 37 exited with code 0
2022/08/17 11:26:26 [notice] 1#1: signal 29 (SIGIO) received
2022/08/17 11:26:26 [notice] 1#1: signal 17 (SIGCHLD) received from 36
2022/08/17 11:26:26 [notice] 1#1: worker process 36 exited with code 0
2022/08/17 11:26:26 [notice] 1#1: signal 29 (SIGIO) received
2022/08/17 11:26:26 [notice] 1#1: signal 17 (SIGCHLD) received from 32
2022/08/17 11:26:26 [notice] 1#1: worker process 32 exited with code 0
2022/08/17 11:26:26 [notice] 1#1: signal 29 (SIGIO) received
2022/08/17 11:26:26 [notice] 1#1: signal 17 (SIGCHLD) received from 30
2022/08/17 11:26:26 [notice] 1#1: worker process 30 exited with code 0
2022/08/17 11:26:26 [notice] 1#1: worker process 34 exited with code 0
2022/08/17 11:26:26 [notice] 1#1: exit
2022/08/17 11:29:12 [notice] 1#1: using the "epoll" event method
2022/08/17 11:29:12 [notice] 1#1: nginx/1.21.5
2022/08/17 11:29:12 [notice] 1#1: built by gcc 10.2.1 20210110 (Debian 10.2.1-6) 
2022/08/17 11:29:12 [notice] 1#1: OS: Linux 5.15.0-46-generic
2022/08/17 11:29:12 [notice] 1#1: getrlimit(RLIMIT_NOFILE): 1048576:1048576
2022/08/17 11:29:12 [notice] 1#1: start worker processes
2022/08/17 11:29:12 [notice] 1#1: start worker process 24
2022/08/17 11:29:12 [notice] 1#1: start worker process 25
2022/08/17 11:29:12 [notice] 1#1: start worker process 26
2022/08/17 11:29:12 [notice] 1#1: start worker process 27
2022/08/17 11:29:12 [notice] 1#1: start worker process 28
2022/08/17 11:29:12 [notice] 1#1: start worker process 29
2022/08/17 11:29:12 [notice] 1#1: start worker process 30
2022/08/17 11:29:12 [notice] 1#1: start worker process 31
2022/08/17 11:38:39 [notice] 1#1: signal 3 (SIGQUIT) received, shutting down
2022/08/17 11:38:39 [notice] 27#27: gracefully shutting down
2022/08/17 11:38:39 [notice] 24#24: gracefully shutting down
2022/08/17 11:38:39 [notice] 30#30: gracefully shutting down
2022/08/17 11:38:39 [notice] 27#27: exiting
2022/08/17 11:38:39 [notice] 24#24: exiting
2022/08/17 11:38:39 [notice] 30#30: exiting
2022/08/17 11:38:39 [notice] 25#25: gracefully shutting down
2022/08/17 11:38:39 [notice] 25#25: exiting
2022/08/17 11:38:39 [notice] 24#24: exit
2022/08/17 11:38:39 [notice] 27#27: exit
2022/08/17 11:38:39 [notice] 30#30: exit
2022/08/17 11:38:39 [notice] 25#25: exit
2022/08/17 11:38:39 [notice] 28#28: gracefully shutting down
2022/08/17 11:38:39 [notice] 28#28: exiting
2022/08/17 11:38:39 [notice] 28#28: exit
2022/08/17 11:38:39 [notice] 31#31: gracefully shutting down
2022/08/17 11:38:39 [notice] 31#31: exiting
2022/08/17 11:38:39 [notice] 26#26: gracefully shutting down
2022/08/17 11:38:39 [notice] 26#26: exiting
2022/08/17 11:38:39 [notice] 29#29: gracefully shutting down
2022/08/17 11:38:39 [notice] 31#31: exit
2022/08/17 11:38:39 [notice] 29#29: exiting
2022/08/17 11:38:39 [notice] 26#26: exit
2022/08/17 11:38:39 [notice] 29#29: exit
2022/08/17 11:38:39 [notice] 1#1: signal 17 (SIGCHLD) received from 25
2022/08/17 11:38:39 [notice] 1#1: worker process 25 exited with code 0
2022/08/17 11:38:39 [notice] 1#1: worker process 27 exited with code 0
2022/08/17 11:38:39 [notice] 1#1: worker process 28 exited with code 0
2022/08/17 11:38:39 [notice] 1#1: signal 29 (SIGIO) received
2022/08/17 11:38:39 [notice] 1#1: signal 17 (SIGCHLD) received from 27
2022/08/17 11:38:39 [notice] 1#1: signal 17 (SIGCHLD) received from 29
2022/08/17 11:38:39 [notice] 1#1: worker process 29 exited with code 0
2022/08/17 11:38:39 [notice] 1#1: signal 29 (SIGIO) received
2022/08/17 11:38:39 [notice] 1#1: signal 17 (SIGCHLD) received from 31
2022/08/17 11:38:39 [notice] 1#1: worker process 24 exited with code 0
2022/08/17 11:38:39 [notice] 1#1: worker process 31 exited with code 0
2022/08/17 11:38:39 [notice] 1#1: signal 17 (SIGCHLD) received from 26
2022/08/17 11:38:39 [notice] 1#1: worker process 26 exited with code 0
2022/08/17 11:38:39 [notice] 1#1: worker process 30 exited with code 0
2022/08/17 11:38:39 [notice] 1#1: exit
2023/01/11 05:49:47 [notice] 1#1: using the "epoll" event method
2023/01/11 05:49:47 [notice] 1#1: nginx/1.21.5
2023/01/11 05:49:47 [notice] 1#1: built by gcc 10.2.1 20210110 (Debian 10.2.1-6) 
2023/01/11 05:49:47 [notice] 1#1: OS: Linux 5.15.0-57-generic
2023/01/11 05:49:47 [notice] 1#1: getrlimit(RLIMIT_NOFILE): 1048576:1048576
2023/01/11 05:49:47 [notice] 1#1: start worker processes
2023/01/11 05:49:47 [notice] 1#1: start worker process 31
2023/01/11 05:49:47 [notice] 1#1: start worker process 32
2023/01/11 05:49:47 [notice] 1#1: start worker process 33
2023/01/11 05:49:47 [notice] 1#1: start worker process 34
2023/01/11 05:49:47 [notice] 1#1: start worker process 35
2023/01/11 05:49:47 [notice] 1#1: start worker process 36
2023/01/11 05:49:47 [notice] 1#1: start worker process 37
2023/01/11 05:49:47 [notice] 1#1: start worker process 38
2023/01/11 05:59:41 [notice] 1#1: signal 3 (SIGQUIT) received, shutting down
2023/01/11 05:59:41 [notice] 31#31: gracefully shutting down
2023/01/11 05:59:41 [notice] 32#32: gracefully shutting down
2023/01/11 05:59:41 [notice] 35#35: gracefully shutting down
2023/01/11 05:59:41 [notice] 37#37: gracefully shutting down
2023/01/11 05:59:41 [notice] 31#31: exiting
2023/01/11 05:59:41 [notice] 32#32: exiting
2023/01/11 05:59:41 [notice] 35#35: exiting
2023/01/11 05:59:41 [notice] 37#37: exiting
2023/01/11 05:59:41 [notice] 33#33: gracefully shutting down
2023/01/11 05:59:41 [notice] 32#32: exit
2023/01/11 05:59:41 [notice] 31#31: exit
2023/01/11 05:59:41 [notice] 35#35: exit
2023/01/11 05:59:41 [notice] 33#33: exiting
2023/01/11 05:59:41 [notice] 37#37: exit
2023/01/11 05:59:41 [notice] 34#34: gracefully shutting down
2023/01/11 05:59:41 [notice] 33#33: exit
2023/01/11 05:59:41 [notice] 34#34: exiting
2023/01/11 05:59:41 [notice] 34#34: exit
2023/01/11 05:59:41 [notice] 36#36: gracefully shutting down
2023/01/11 05:59:41 [notice] 36#36: exiting
2023/01/11 05:59:41 [notice] 36#36: exit
2023/01/11 05:59:41 [notice] 38#38: gracefully shutting down
2023/01/11 05:59:41 [notice] 38#38: exiting
2023/01/11 05:59:41 [notice] 38#38: exit
2023/01/11 05:59:41 [notice] 1#1: signal 17 (SIGCHLD) received from 35
2023/01/11 05:59:41 [notice] 1#1: worker process 33 exited with code 0
2023/01/11 05:59:41 [notice] 1#1: worker process 35 exited with code 0
2023/01/11 05:59:41 [notice] 1#1: signal 29 (SIGIO) received
2023/01/11 05:59:41 [notice] 1#1: signal 17 (SIGCHLD) received from 32
2023/01/11 05:59:41 [notice] 1#1: worker process 32 exited with code 0
2023/01/11 05:59:41 [notice] 1#1: signal 29 (SIGIO) received
2023/01/11 05:59:41 [notice] 1#1: signal 17 (SIGCHLD) received from 31
2023/01/11 05:59:41 [notice] 1#1: worker process 31 exited with code 0
2023/01/11 05:59:41 [notice] 1#1: signal 29 (SIGIO) received
2023/01/11 05:59:41 [notice] 1#1: signal 17 (SIGCHLD) received from 36
2023/01/11 05:59:41 [notice] 1#1: worker process 34 exited with code 0
2023/01/11 05:59:41 [notice] 1#1: worker process 36 exited with code 0
2023/01/11 05:59:41 [notice] 1#1: worker process 37 exited with code 0
2023/01/11 05:59:41 [notice] 1#1: signal 29 (SIGIO) received
2023/01/11 05:59:41 [notice] 1#1: signal 17 (SIGCHLD) received from 37
2023/01/11 05:59:41 [notice] 1#1: signal 17 (SIGCHLD) received from 38
2023/01/11 05:59:41 [notice] 1#1: worker process 38 exited with code 0
2023/01/11 05:59:41 [notice] 1#1: exit
2023/01/11 06:06:24 [notice] 1#1: using the "epoll" event method
2023/01/11 06:06:24 [notice] 1#1: nginx/1.21.5
2023/01/11 06:06:24 [notice] 1#1: built by gcc 10.2.1 20210110 (Debian 10.2.1-6) 
2023/01/11 06:06:24 [notice] 1#1: OS: Linux 5.15.0-57-generic
2023/01/11 06:06:24 [notice] 1#1: getrlimit(RLIMIT_NOFILE): 1048576:1048576
2023/01/11 06:06:24 [notice] 1#1: start worker processes
2023/01/11 06:06:24 [notice] 1#1: start worker process 31
2023/01/11 06:06:24 [notice] 1#1: start worker process 32
2023/01/11 06:06:24 [notice] 1#1: start worker process 33
2023/01/11 06:06:24 [notice] 1#1: start worker process 34
2023/01/11 06:06:24 [notice] 1#1: start worker process 35
2023/01/11 06:06:24 [notice] 1#1: start worker process 36
2023/01/11 06:06:24 [notice] 1#1: start worker process 37
2023/01/11 06:06:24 [notice] 1#1: start worker process 38
2023/01/11 06:08:47 [notice] 1#1: signal 3 (SIGQUIT) received, shutting down
2023/01/11 06:08:47 [notice] 31#31: gracefully shutting down
2023/01/11 06:08:47 [notice] 32#32: gracefully shutting down
2023/01/11 06:08:47 [notice] 31#31: exiting
2023/01/11 06:08:47 [notice] 35#35: gracefully shutting down
2023/01/11 06:08:47 [notice] 33#33: gracefully shutting down
2023/01/11 06:08:47 [notice] 32#32: exiting
2023/01/11 06:08:47 [notice] 33#33: exiting
2023/01/11 06:08:47 [notice] 35#35: exiting
2023/01/11 06:08:47 [notice] 31#31: exit
2023/01/11 06:08:47 [notice] 32#32: exit
2023/01/11 06:08:47 [notice] 33#33: exit
2023/01/11 06:08:47 [notice] 35#35: exit
2023/01/11 06:08:47 [notice] 38#38: gracefully shutting down
2023/01/11 06:08:47 [notice] 34#34: gracefully shutting down
2023/01/11 06:08:47 [notice] 36#36: gracefully shutting down
2023/01/11 06:08:47 [notice] 38#38: exiting
2023/01/11 06:08:47 [notice] 36#36: exiting
2023/01/11 06:08:47 [notice] 34#34: exiting
2023/01/11 06:08:47 [notice] 38#38: exit
2023/01/11 06:08:47 [notice] 36#36: exit
2023/01/11 06:08:47 [notice] 34#34: exit
2023/01/11 06:08:47 [notice] 37#37: gracefully shutting down
2023/01/11 06:08:47 [notice] 37#37: exiting
2023/01/11 06:08:47 [notice] 37#37: exit
2023/01/11 06:08:47 [notice] 1#1: signal 17 (SIGCHLD) received from 38
2023/01/11 06:08:47 [notice] 1#1: worker process 33 exited with code 0
2023/01/11 06:08:47 [notice] 1#1: worker process 38 exited with code 0
2023/01/11 06:08:47 [notice] 1#1: signal 29 (SIGIO) received
2023/01/11 06:08:47 [notice] 1#1: signal 17 (SIGCHLD) received from 31
2023/01/11 06:08:47 [notice] 1#1: worker process 31 exited with code 0
2023/01/11 06:08:47 [notice] 1#1: worker process 34 exited with code 0
2023/01/11 06:08:47 [notice] 1#1: signal 29 (SIGIO) received
2023/01/11 06:08:47 [notice] 1#1: signal 17 (SIGCHLD) received from 36
2023/01/11 06:08:47 [notice] 1#1: worker process 36 exited with code 0
2023/01/11 06:08:47 [notice] 1#1: signal 29 (SIGIO) received
2023/01/11 06:08:47 [notice] 1#1: signal 17 (SIGCHLD) received from 35
2023/01/11 06:08:47 [notice] 1#1: worker process 35 exited with code 0
2023/01/11 06:08:47 [notice] 1#1: signal 29 (SIGIO) received
2023/01/11 06:08:47 [notice] 1#1: signal 17 (SIGCHLD) received from 32
2023/01/11 06:08:47 [notice] 1#1: worker process 32 exited with code 0
2023/01/11 06:08:47 [notice] 1#1: signal 29 (SIGIO) received
2023/01/11 06:08:47 [notice] 1#1: signal 17 (SIGCHLD) received from 37
2023/01/11 06:08:47 [notice] 1#1: worker process 37 exited with code 0
2023/01/11 06:08:47 [notice] 1#1: exit
2023/01/11 06:11:14 [notice] 1#1: using the "epoll" event method
2023/01/11 06:11:14 [notice] 1#1: nginx/1.21.5
2023/01/11 06:11:14 [notice] 1#1: built by gcc 10.2.1 20210110 (Debian 10.2.1-6) 
2023/01/11 06:11:14 [notice] 1#1: OS: Linux 5.15.0-57-generic
2023/01/11 06:11:14 [notice] 1#1: getrlimit(RLIMIT_NOFILE): 1048576:1048576
2023/01/11 06:11:14 [notice] 1#1: start worker processes
2023/01/11 06:11:14 [notice] 1#1: start worker process 31
2023/01/11 06:11:14 [notice] 1#1: start worker process 32
2023/01/11 06:11:14 [notice] 1#1: start worker process 33
2023/01/11 06:11:14 [notice] 1#1: start worker process 34
2023/01/11 06:11:14 [notice] 1#1: start worker process 35
2023/01/11 06:11:14 [notice] 1#1: start worker process 36
2023/01/11 06:11:14 [notice] 1#1: start worker process 37
2023/01/11 06:11:14 [notice] 1#1: start worker process 38
2023/01/11 06:13:48 [notice] 1#1: signal 3 (SIGQUIT) received, shutting down
2023/01/11 06:13:48 [notice] 31#31: gracefully shutting down
2023/01/11 06:13:48 [notice] 33#33: gracefully shutting down
2023/01/11 06:13:48 [notice] 32#32: gracefully shutting down
2023/01/11 06:13:48 [notice] 34#34: gracefully shutting down
2023/01/11 06:13:48 [notice] 36#36: gracefully shutting down
2023/01/11 06:13:48 [notice] 37#37: gracefully shutting down
2023/01/11 06:13:48 [notice] 35#35: gracefully shutting down
2023/01/11 06:13:48 [notice] 31#31: exiting
2023/01/11 06:13:48 [notice] 33#33: exiting
2023/01/11 06:13:48 [notice] 32#32: exiting
2023/01/11 06:13:48 [notice] 34#34: exiting
2023/01/11 06:13:48 [notice] 36#36: exiting
2023/01/11 06:13:48 [notice] 37#37: exiting
2023/01/11 06:13:48 [notice] 35#35: exiting
2023/01/11 06:13:48 [notice] 36#36: exit
2023/01/11 06:13:48 [notice] 34#34: exit
2023/01/11 06:13:48 [notice] 31#31: exit
2023/01/11 06:13:48 [notice] 33#33: exit
2023/01/11 06:13:48 [notice] 37#37: exit
2023/01/11 06:13:48 [notice] 32#32: exit
2023/01/11 06:13:48 [notice] 35#35: exit
2023/01/11 06:13:48 [notice] 38#38: gracefully shutting down
2023/01/11 06:13:48 [notice] 38#38: exiting
2023/01/11 06:13:48 [notice] 38#38: exit
2023/01/11 06:13:48 [notice] 1#1: signal 17 (SIGCHLD) received from 32
2023/01/11 06:13:48 [notice] 1#1: worker process 32 exited with code 0
2023/01/11 06:13:48 [notice] 1#1: signal 29 (SIGIO) received
2023/01/11 06:13:48 [notice] 1#1: signal 17 (SIGCHLD) received from 31
2023/01/11 06:13:48 [notice] 1#1: worker process 31 exited with code 0
2023/01/11 06:13:48 [notice] 1#1: signal 29 (SIGIO) received
2023/01/11 06:13:48 [notice] 1#1: signal 17 (SIGCHLD) received from 37
2023/01/11 06:13:48 [notice] 1#1: worker process 37 exited with code 0
2023/01/11 06:13:48 [notice] 1#1: signal 29 (SIGIO) received
2023/01/11 06:13:48 [notice] 1#1: signal 17 (SIGCHLD) received from 38
2023/01/11 06:13:48 [notice] 1#1: worker process 38 exited with code 0
2023/01/11 06:13:48 [notice] 1#1: worker process 33 exited with code 0
2023/01/11 06:13:48 [notice] 1#1: signal 29 (SIGIO) received
2023/01/11 06:13:48 [notice] 1#1: signal 17 (SIGCHLD) received from 33
2023/01/11 06:13:48 [notice] 1#1: signal 17 (SIGCHLD) received from 35
2023/01/11 06:13:48 [notice] 1#1: worker process 34 exited with code 0
2023/01/11 06:13:48 [notice] 1#1: worker process 35 exited with code 0
2023/01/11 06:13:48 [notice] 1#1: worker process 36 exited with code 0
2023/01/11 06:13:48 [notice] 1#1: exit
2023/01/11 06:52:52 [notice] 1#1: using the "epoll" event method
2023/01/11 06:52:52 [notice] 1#1: nginx/1.21.5
2023/01/11 06:52:52 [notice] 1#1: built by gcc 10.2.1 20210110 (Debian 10.2.1-6) 
2023/01/11 06:52:52 [notice] 1#1: OS: Linux 5.15.0-57-generic
2023/01/11 06:52:52 [notice] 1#1: getrlimit(RLIMIT_NOFILE): 1048576:1048576
2023/01/11 06:52:52 [notice] 1#1: start worker processes
2023/01/11 06:52:52 [notice] 1#1: start worker process 31
2023/01/11 06:52:52 [notice] 1#1: start worker process 32
2023/01/11 06:52:52 [notice] 1#1: start worker process 33
2023/01/11 06:52:52 [notice] 1#1: start worker process 34
2023/01/11 06:52:52 [notice] 1#1: start worker process 35
2023/01/11 06:52:52 [notice] 1#1: start worker process 36
2023/01/11 06:52:52 [notice] 1#1: start worker process 37
2023/01/11 06:52:52 [notice] 1#1: start worker process 38
2023/01/11 06:54:21 [notice] 1#1: signal 3 (SIGQUIT) received, shutting down
2023/01/11 06:54:21 [notice] 34#34: gracefully shutting down
2023/01/11 06:54:21 [notice] 31#31: gracefully shutting down
2023/01/11 06:54:21 [notice] 34#34: exiting
2023/01/11 06:54:21 [notice] 31#31: exiting
2023/01/11 06:54:21 [notice] 34#34: exit
2023/01/11 06:54:21 [notice] 31#31: exit
2023/01/11 06:54:21 [notice] 33#33: gracefully shutting down
2023/01/11 06:54:21 [notice] 33#33: exiting
2023/01/11 06:54:21 [notice] 33#33: exit
2023/01/11 06:54:21 [notice] 32#32: gracefully shutting down
2023/01/11 06:54:21 [notice] 35#35: gracefully shutting down
2023/01/11 06:54:21 [notice] 36#36: gracefully shutting down
2023/01/11 06:54:21 [notice] 32#32: exiting
2023/01/11 06:54:21 [notice] 35#35: exiting
2023/01/11 06:54:21 [notice] 36#36: exiting
2023/01/11 06:54:21 [notice] 35#35: exit
2023/01/11 06:54:21 [notice] 32#32: exit
2023/01/11 06:54:21 [notice] 36#36: exit
2023/01/11 06:54:21 [notice] 38#38: gracefully shutting down
2023/01/11 06:54:21 [notice] 37#37: gracefully shutting down
2023/01/11 06:54:21 [notice] 38#38: exiting
2023/01/11 06:54:21 [notice] 37#37: exiting
2023/01/11 06:54:21 [notice] 38#38: exit
2023/01/11 06:54:21 [notice] 37#37: exit
2023/01/11 06:54:21 [notice] 1#1: signal 17 (SIGCHLD) received from 38
2023/01/11 06:54:21 [notice] 1#1: worker process 31 exited with code 0
2023/01/11 06:54:21 [notice] 1#1: worker process 32 exited with code 0
2023/01/11 06:54:21 [notice] 1#1: worker process 34 exited with code 0
2023/01/11 06:54:21 [notice] 1#1: worker process 38 exited with code 0
2023/01/11 06:54:21 [notice] 1#1: signal 29 (SIGIO) received
2023/01/11 06:54:21 [notice] 1#1: signal 17 (SIGCHLD) received from 31
2023/01/11 06:54:21 [notice] 1#1: signal 17 (SIGCHLD) received from 36
2023/01/11 06:54:21 [notice] 1#1: worker process 36 exited with code 0
2023/01/11 06:54:21 [notice] 1#1: signal 29 (SIGIO) received
2023/01/11 06:54:21 [notice] 1#1: signal 17 (SIGCHLD) received from 35
2023/01/11 06:54:21 [notice] 1#1: worker process 35 exited with code 0
2023/01/11 06:54:21 [notice] 1#1: signal 29 (SIGIO) received
2023/01/11 06:54:21 [notice] 1#1: signal 17 (SIGCHLD) received from 37
2023/01/11 06:54:21 [notice] 1#1: worker process 37 exited with code 0
2023/01/11 06:54:21 [notice] 1#1: signal 29 (SIGIO) received
2023/01/11 06:54:21 [notice] 1#1: signal 17 (SIGCHLD) received from 33
2023/01/11 06:54:21 [notice] 1#1: worker process 33 exited with code 0
2023/01/11 06:54:21 [notice] 1#1: exit
2023/01/11 06:57:10 [notice] 1#1: using the "epoll" event method
2023/01/11 06:57:10 [notice] 1#1: nginx/1.21.5
2023/01/11 06:57:10 [notice] 1#1: built by gcc 10.2.1 20210110 (Debian 10.2.1-6) 
2023/01/11 06:57:10 [notice] 1#1: OS: Linux 5.15.0-57-generic
2023/01/11 06:57:10 [notice] 1#1: getrlimit(RLIMIT_NOFILE): 1048576:1048576
2023/01/11 06:57:10 [notice] 1#1: start worker processes
2023/01/11 06:57:10 [notice] 1#1: start worker process 31
2023/01/11 06:57:10 [notice] 1#1: start worker process 32
2023/01/11 06:57:10 [notice] 1#1: start worker process 33
2023/01/11 06:57:10 [notice] 1#1: start worker process 34
2023/01/11 06:57:10 [notice] 1#1: start worker process 35
2023/01/11 06:57:10 [notice] 1#1: start worker process 36
2023/01/11 06:57:10 [notice] 1#1: start worker process 37
2023/01/11 06:57:10 [notice] 1#1: start worker process 38
2023/01/11 07:00:26 [notice] 1#1: signal 3 (SIGQUIT) received, shutting down
2023/01/11 07:00:26 [notice] 32#32: gracefully shutting down
2023/01/11 07:00:26 [notice] 33#33: gracefully shutting down
2023/01/11 07:00:26 [notice] 34#34: gracefully shutting down
2023/01/11 07:00:26 [notice] 36#36: gracefully shutting down
2023/01/11 07:00:26 [notice] 32#32: exiting
2023/01/11 07:00:26 [notice] 33#33: exiting
2023/01/11 07:00:26 [notice] 35#35: gracefully shutting down
2023/01/11 07:00:26 [notice] 34#34: exiting
2023/01/11 07:00:26 [notice] 36#36: exiting
2023/01/11 07:00:26 [notice] 35#35: exiting
2023/01/11 07:00:26 [notice] 33#33: exit
2023/01/11 07:00:26 [notice] 34#34: exit
2023/01/11 07:00:26 [notice] 32#32: exit
2023/01/11 07:00:26 [notice] 36#36: exit
2023/01/11 07:00:26 [notice] 31#31: gracefully shutting down
2023/01/11 07:00:26 [notice] 35#35: exit
2023/01/11 07:00:26 [notice] 31#31: exiting
2023/01/11 07:00:26 [notice] 31#31: exit
2023/01/11 07:00:26 [notice] 37#37: gracefully shutting down
2023/01/11 07:00:26 [notice] 38#38: gracefully shutting down
2023/01/11 07:00:26 [notice] 37#37: exiting
2023/01/11 07:00:26 [notice] 38#38: exiting
2023/01/11 07:00:26 [notice] 38#38: exit
2023/01/11 07:00:26 [notice] 37#37: exit
2023/01/11 07:00:26 [notice] 1#1: signal 17 (SIGCHLD) received from 33
2023/01/11 07:00:26 [notice] 1#1: worker process 33 exited with code 0
2023/01/11 07:00:26 [notice] 1#1: worker process 34 exited with code 0
2023/01/11 07:00:26 [notice] 1#1: signal 29 (SIGIO) received
2023/01/11 07:00:26 [notice] 1#1: signal 17 (SIGCHLD) received from 34
2023/01/11 07:00:26 [notice] 1#1: signal 17 (SIGCHLD) received from 36
2023/01/11 07:00:26 [notice] 1#1: worker process 32 exited with code 0
2023/01/11 07:00:26 [notice] 1#1: worker process 36 exited with code 0
2023/01/11 07:00:26 [notice] 1#1: signal 29 (SIGIO) received
2023/01/11 07:00:26 [notice] 1#1: signal 17 (SIGCHLD) received from 32
2023/01/11 07:00:26 [notice] 1#1: signal 17 (SIGCHLD) received from 38
2023/01/11 07:00:26 [notice] 1#1: worker process 31 exited with code 0
2023/01/11 07:00:26 [notice] 1#1: worker process 38 exited with code 0
2023/01/11 07:00:26 [notice] 1#1: signal 29 (SIGIO) received
2023/01/11 07:00:26 [notice] 1#1: signal 17 (SIGCHLD) received from 31
2023/01/11 07:00:27 [notice] 1#1: signal 17 (SIGCHLD) received from 37
2023/01/11 07:00:27 [notice] 1#1: worker process 35 exited with code 0
2023/01/11 07:00:27 [notice] 1#1: worker process 37 exited with code 0
2023/01/11 07:00:27 [notice] 1#1: exit
2023/01/11 07:03:46 [notice] 1#1: using the "epoll" event method
2023/01/11 07:03:46 [notice] 1#1: nginx/1.21.5
2023/01/11 07:03:46 [notice] 1#1: built by gcc 10.2.1 20210110 (Debian 10.2.1-6) 
2023/01/11 07:03:46 [notice] 1#1: OS: Linux 5.15.0-57-generic
2023/01/11 07:03:46 [notice] 1#1: getrlimit(RLIMIT_NOFILE): 1048576:1048576
2023/01/11 07:03:46 [notice] 1#1: start worker processes
2023/01/11 07:03:46 [notice] 1#1: start worker process 31
2023/01/11 07:03:46 [notice] 1#1: start worker process 32
2023/01/11 07:03:46 [notice] 1#1: start worker process 33
2023/01/11 07:03:46 [notice] 1#1: start worker process 34
2023/01/11 07:03:46 [notice] 1#1: start worker process 35
2023/01/11 07:03:46 [notice] 1#1: start worker process 36
2023/01/11 07:03:46 [notice] 1#1: start worker process 37
2023/01/11 07:03:46 [notice] 1#1: start worker process 38
2023/01/11 07:09:18 [notice] 1#1: signal 3 (SIGQUIT) received, shutting down
2023/01/11 07:09:18 [notice] 34#34: gracefully shutting down
2023/01/11 07:09:18 [notice] 31#31: gracefully shutting down
2023/01/11 07:09:18 [notice] 32#32: gracefully shutting down
2023/01/11 07:09:18 [notice] 34#34: exiting
2023/01/11 07:09:18 [notice] 31#31: exiting
2023/01/11 07:09:18 [notice] 32#32: exiting
2023/01/11 07:09:18 [notice] 36#36: gracefully shutting down
2023/01/11 07:09:18 [notice] 35#35: gracefully shutting down
2023/01/11 07:09:18 [notice] 38#38: gracefully shutting down
2023/01/11 07:09:18 [notice] 37#37: gracefully shutting down
2023/01/11 07:09:18 [notice] 33#33: gracefully shutting down
2023/01/11 07:09:18 [notice] 36#36: exiting
2023/01/11 07:09:18 [notice] 35#35: exiting
2023/01/11 07:09:18 [notice] 38#38: exiting
2023/01/11 07:09:18 [notice] 37#37: exiting
2023/01/11 07:09:18 [notice] 33#33: exiting
2023/01/11 07:09:18 [notice] 31#31: exit
2023/01/11 07:09:18 [notice] 34#34: exit
2023/01/11 07:09:18 [notice] 32#32: exit
2023/01/11 07:09:18 [notice] 35#35: exit
2023/01/11 07:09:18 [notice] 36#36: exit
2023/01/11 07:09:18 [notice] 37#37: exit
2023/01/11 07:09:18 [notice] 33#33: exit
2023/01/11 07:09:18 [notice] 38#38: exit
2023/01/11 07:09:18 [notice] 1#1: signal 17 (SIGCHLD) received from 33
2023/01/11 07:09:18 [notice] 1#1: worker process 33 exited with code 0
2023/01/11 07:09:18 [notice] 1#1: signal 29 (SIGIO) received
2023/01/11 07:09:18 [notice] 1#1: signal 17 (SIGCHLD) received from 35
2023/01/11 07:09:18 [notice] 1#1: worker process 35 exited with code 0
2023/01/11 07:09:18 [notice] 1#1: worker process 36 exited with code 0
2023/01/11 07:09:18 [notice] 1#1: signal 29 (SIGIO) received
2023/01/11 07:09:18 [notice] 1#1: signal 17 (SIGCHLD) received from 34
2023/01/11 07:09:18 [notice] 1#1: worker process 34 exited with code 0
2023/01/11 07:09:18 [notice] 1#1: signal 29 (SIGIO) received
2023/01/11 07:09:18 [notice] 1#1: signal 17 (SIGCHLD) received from 32
2023/01/11 07:09:18 [notice] 1#1: worker process 32 exited with code 0
2023/01/11 07:09:18 [notice] 1#1: signal 29 (SIGIO) received
2023/01/11 07:09:18 [notice] 1#1: signal 17 (SIGCHLD) received from 37
2023/01/11 07:09:18 [notice] 1#1: worker process 31 exited with code 0
2023/01/11 07:09:18 [notice] 1#1: worker process 37 exited with code 0
2023/01/11 07:09:18 [notice] 1#1: worker process 38 exited with code 0
2023/01/11 07:09:18 [notice] 1#1: exit
2023/01/11 07:13:01 [notice] 1#1: using the "epoll" event method
2023/01/11 07:13:01 [notice] 1#1: nginx/1.21.5
2023/01/11 07:13:01 [notice] 1#1: built by gcc 10.2.1 20210110 (Debian 10.2.1-6) 
2023/01/11 07:13:01 [notice] 1#1: OS: Linux 5.15.0-57-generic
2023/01/11 07:13:01 [notice] 1#1: getrlimit(RLIMIT_NOFILE): 1048576:1048576
2023/01/11 07:13:01 [notice] 1#1: start worker processes
2023/01/11 07:13:01 [notice] 1#1: start worker process 31
2023/01/11 07:13:01 [notice] 1#1: start worker process 32
2023/01/11 07:13:01 [notice] 1#1: start worker process 33
2023/01/11 07:13:01 [notice] 1#1: start worker process 34
2023/01/11 07:13:01 [notice] 1#1: start worker process 35
2023/01/11 07:13:01 [notice] 1#1: start worker process 36
2023/01/11 07:13:01 [notice] 1#1: start worker process 37
2023/01/11 07:13:01 [notice] 1#1: start worker process 38
2023/01/11 07:14:06 [notice] 1#1: signal 3 (SIGQUIT) received, shutting down
2023/01/11 07:14:06 [notice] 33#33: gracefully shutting down
2023/01/11 07:14:06 [notice] 34#34: gracefully shutting down
2023/01/11 07:14:06 [notice] 33#33: exiting
2023/01/11 07:14:06 [notice] 34#34: exiting
2023/01/11 07:14:06 [notice] 33#33: exit
2023/01/11 07:14:06 [notice] 34#34: exit
2023/01/11 07:14:06 [notice] 35#35: gracefully shutting down
2023/01/11 07:14:06 [notice] 35#35: exiting
2023/01/11 07:14:06 [notice] 35#35: exit
2023/01/11 07:14:06 [notice] 31#31: gracefully shutting down
2023/01/11 07:14:06 [notice] 31#31: exiting
2023/01/11 07:14:06 [notice] 31#31: exit
2023/01/11 07:14:06 [notice] 36#36: gracefully shutting down
2023/01/11 07:14:06 [notice] 36#36: exiting
2023/01/11 07:14:06 [notice] 36#36: exit
2023/01/11 07:14:06 [notice] 32#32: gracefully shutting down
2023/01/11 07:14:06 [notice] 32#32: exiting
2023/01/11 07:14:06 [notice] 32#32: exit
2023/01/11 07:14:06 [notice] 37#37: gracefully shutting down
2023/01/11 07:14:06 [notice] 37#37: exiting
2023/01/11 07:14:06 [notice] 37#37: exit
2023/01/11 07:14:06 [notice] 38#38: gracefully shutting down
2023/01/11 07:14:06 [notice] 38#38: exiting
2023/01/11 07:14:06 [notice] 38#38: exit
2023/01/11 07:14:06 [notice] 1#1: signal 17 (SIGCHLD) received from 35
2023/01/11 07:14:06 [notice] 1#1: worker process 35 exited with code 0
2023/01/11 07:14:06 [notice] 1#1: signal 29 (SIGIO) received
2023/01/11 07:14:06 [notice] 1#1: signal 17 (SIGCHLD) received from 32
2023/01/11 07:14:06 [notice] 1#1: worker process 32 exited with code 0
2023/01/11 07:14:06 [notice] 1#1: signal 29 (SIGIO) received
2023/01/11 07:14:06 [notice] 1#1: signal 17 (SIGCHLD) received from 31
2023/01/11 07:14:06 [notice] 1#1: worker process 31 exited with code 0
2023/01/11 07:14:06 [notice] 1#1: signal 29 (SIGIO) received
2023/01/11 07:14:06 [notice] 1#1: signal 17 (SIGCHLD) received from 36
2023/01/11 07:14:06 [notice] 1#1: worker process 36 exited with code 0
2023/01/11 07:14:06 [notice] 1#1: signal 29 (SIGIO) received
2023/01/11 07:14:06 [notice] 1#1: signal 17 (SIGCHLD) received from 34
2023/01/11 07:14:06 [notice] 1#1: worker process 34 exited with code 0
2023/01/11 07:14:06 [notice] 1#1: worker process 33 exited with code 0
2023/01/11 07:14:06 [notice] 1#1: worker process 37 exited with code 0
2023/01/11 07:14:06 [notice] 1#1: signal 29 (SIGIO) received
2023/01/11 07:14:06 [notice] 1#1: signal 17 (SIGCHLD) received from 37
2023/01/11 07:14:06 [notice] 1#1: signal 17 (SIGCHLD) received from 38
2023/01/11 07:14:06 [notice] 1#1: worker process 38 exited with code 0
2023/01/11 07:14:06 [notice] 1#1: exit
